Zoom level  10  cardinality  1048576
Geo point:  { lon: 10, lat: 45 }
Converted mercator point:  { north: 5621521.486192066, east: 1113194.9079327357 }
Re-converted geo point:  { lat: 45, lon: 10 }
Tiles coord:  { x: 540, y: 368 }
Mercator extent:  { minEast: 1095801.2374962866,
  maxEast: 1134936.9959782958,
  minNorth: 5596413.462927464,
  maxNorth: 5635549.221409475 }
WGS84 extent:  { minLon: 9.84375,
  minLat: 44.84029065139799,
  maxLon: 10.19531249999999,
  maxLat: 45.089035564831036 }
Operation:  GET_TILE_EXT_MERC
Zoom level:  10
X:  540
Y:  360
Tile XY:  { x: '540', y: '360' }
Tile Mercator extent:  { minEast: 1095801.2374962866,
  maxEast: 191334723.2185481,
  minNorth: -120890357.95092963,
  maxNorth: 5948635.289265556 }
